<?xml version="1.0" encoding="UTF-8"?>
<!-- Generated by org.testng.reporters.JUnitReportReporter -->
<testsuite hostname="Anu" failures="0" tests="1" name="Tests.DELETETest" time="1.940" errors="0" timestamp="2022-07-25T18:04:52 GMT-06:00" skipped="0">
  <testcase classname="Tests.DELETETest" name="deleteUser_Test1" time="1.940"/>
  <system-out/>
</testsuite> <!-- Tests.DELETETest -->
