<?xml version="1.0" encoding="UTF-8"?>
<!-- Generated by org.testng.reporters.JUnitReportReporter -->
<testsuite hostname="Anu" failures="0" tests="1" name="Tests.POSTTest" time="0.478" errors="0" timestamp="2022-07-25T18:01:33 GMT-06:00" skipped="0">
  <testcase classname="Tests.POSTTest" name="postUser_Test1" time="0.478"/>
  <system-out/>
</testsuite> <!-- Tests.POSTTest -->
