<?xml version="1.0" encoding="UTF-8"?>
<!-- Generated by org.testng.reporters.JUnitReportReporter -->
<testsuite hostname="Anu" failures="0" tests="1" name="Tests.GETTest01" time="1.951" errors="0" timestamp="2022-07-26T12:29:22 GMT-06:00" skipped="0">
  <testcase classname="Tests.GETTest01" name="getUser_TestBlacklistHeaders" time="1.951"/>
  <system-out/>
</testsuite> <!-- Tests.GETTest01 -->
